TN:
SF:libParser.js
FN:4,parseRDF
FN:5,(anonymous_1)
FN:6,(anonymous_2)
FN:12,(anonymous_3)
FNF:4
FNH:4
FNDA:3,parseRDF
FNDA:3,(anonymous_1)
FNDA:3,(anonymous_2)
FNDA:3,(anonymous_3)
DA:1,1
DA:2,1
DA:5,3
DA:6,3
DA:7,3
DA:8,1
DA:11,3
DA:12,3
DA:13,3
DA:14,2
DA:17,1
DA:30,1
DA:31,1
DA:40,1
DA:41,1
DA:48,1
DA:49,1
DA:50,1
DA:54,1
DA:55,1
DA:60,1
DA:65,1
DA:66,1
DA:73,1
DA:74,1
DA:84,1
DA:85,1
DA:86,1
DA:89,1
DA:95,1
DA:100,1
DA:101,1
DA:103,1
DA:106,10
DA:109,1
DA:114,1
DA:115,1
DA:120,1
DA:123,2
DA:138,1
LF:40
LH:40
BRDA:7,0,0,1
BRDA:7,0,1,2
BRDA:13,1,0,2
BRDA:13,1,1,1
BRDA:30,2,0,1
BRDA:40,3,0,1
BRDA:48,4,0,1
BRDA:54,5,0,1
BRDA:65,6,0,1
BRDA:73,7,0,1
BRDA:84,8,0,1
BRDA:100,9,0,1
BRDA:114,10,0,1
BRF:13
BRH:13
end_of_record
