TN:
SF:libParser.js
FN:4,parseRDF
FN:5,(anonymous_1)
FN:6,(anonymous_2)
FN:12,(anonymous_3)
FNF:4
FNH:4
FNDA:2,parseRDF
FNDA:2,(anonymous_1)
FNDA:2,(anonymous_2)
FNDA:2,(anonymous_3)
DA:1,1
DA:2,1
DA:5,2
DA:6,2
DA:7,2
DA:8,0
DA:11,2
DA:12,2
DA:13,2
DA:14,1
DA:17,1
DA:29,1
DA:30,1
DA:38,1
DA:39,1
DA:45,1
DA:46,1
DA:47,1
DA:50,1
DA:51,1
DA:56,1
DA:60,1
DA:61,1
DA:67,1
DA:68,1
DA:77,1
DA:78,1
DA:79,1
DA:82,1
DA:88,1
DA:92,1
DA:93,1
DA:95,1
DA:98,10
DA:101,1
DA:105,1
DA:106,1
DA:111,1
DA:114,1
DA:115,1
DA:130,1
LF:41
LH:40
BRDA:7,0,0,0
BRDA:7,0,1,2
BRDA:13,1,0,1
BRDA:13,1,1,1
BRDA:29,2,0,1
BRDA:29,2,1,0
BRDA:38,3,0,1
BRDA:38,3,1,0
BRDA:45,4,0,1
BRDA:45,4,1,0
BRDA:50,5,0,1
BRDA:50,5,1,0
BRDA:60,6,0,1
BRDA:60,6,1,0
BRDA:67,7,0,1
BRDA:67,7,1,0
BRDA:77,8,0,1
BRDA:77,8,1,0
BRDA:92,9,0,1
BRDA:92,9,1,0
BRDA:105,10,0,1
BRDA:105,10,1,0
BRF:22
BRH:12
end_of_record
